2022-08-27 17:54:17.732  INFO 5248 --- [main] c.t.m.service.TweetServiceImplTest       : Starting TweetServiceImplTest using Java 11.0.12 on ctsjava482 with PID 5248 (started by cogjava66 in C:\Users\cogjava66\Desktop\mini-twitter-backend)
2022-08-27 17:54:17.751  INFO 5248 --- [main] c.t.m.service.TweetServiceImplTest       : No active profile set, falling back to default profiles: default
2022-08-27 17:54:19.711  INFO 5248 --- [main] .s.d.r.c.RepositoryConfigurationDelegate : Bootstrapping Spring Data MongoDB repositories in DEFAULT mode.
2022-08-27 17:54:19.817  INFO 5248 --- [main] .s.d.r.c.RepositoryConfigurationDelegate : Finished Spring Data repository scanning in 97 ms. Found 2 MongoDB repository interfaces.
2022-08-27 17:54:21.466  INFO 5248 --- [main] org.mongodb.driver.cluster               : Cluster created with settings {hosts=[127.0.0.1:27017], srvHost=cluster0.f7u3zwc.mongodb.net, mode=MULTIPLE, requiredClusterType=REPLICA_SET, serverSelectionTimeout='30000 ms', requiredReplicaSetName='atlas-1hi3ey-shard-0'}
2022-08-27 17:54:22.166  INFO 5248 --- [cluster-ClusterId{value='630a0cf557fbce6ae894dcc1', description='null'}-srv-cluster0.f7u3zwc.mongodb.net] org.mongodb.driver.cluster               : Adding discovered server ac-of4xq51-shard-00-00.f7u3zwc.mongodb.net:27017 to client view of cluster
2022-08-27 17:54:22.227  INFO 5248 --- [cluster-ClusterId{value='630a0cf557fbce6ae894dcc1', description='null'}-srv-cluster0.f7u3zwc.mongodb.net] org.mongodb.driver.cluster               : Adding discovered server ac-of4xq51-shard-00-02.f7u3zwc.mongodb.net:27017 to client view of cluster
2022-08-27 17:54:22.229  INFO 5248 --- [cluster-ClusterId{value='630a0cf557fbce6ae894dcc1', description='null'}-srv-cluster0.f7u3zwc.mongodb.net] org.mongodb.driver.cluster               : Adding discovered server ac-of4xq51-shard-00-01.f7u3zwc.mongodb.net:27017 to client view of cluster
2022-08-27 17:54:23.202  INFO 5248 --- [cluster-ClusterId{value='630a0cf557fbce6ae894dcc1', description='null'}-ac-of4xq51-shard-00-01.f7u3zwc.mongodb.net:27017] org.mongodb.driver.connection            : Opened connection [connectionId{localValue:6, serverValue:82167}] to ac-of4xq51-shard-00-01.f7u3zwc.mongodb.net:27017
2022-08-27 17:54:23.203  INFO 5248 --- [cluster-ClusterId{value='630a0cf557fbce6ae894dcc1', description='null'}-ac-of4xq51-shard-00-02.f7u3zwc.mongodb.net:27017] org.mongodb.driver.connection            : Opened connection [connectionId{localValue:3, serverValue:84078}] to ac-of4xq51-shard-00-02.f7u3zwc.mongodb.net:27017
2022-08-27 17:54:23.203  INFO 5248 --- [cluster-ClusterId{value='630a0cf557fbce6ae894dcc1', description='null'}-ac-of4xq51-shard-00-02.f7u3zwc.mongodb.net:27017] org.mongodb.driver.cluster               : Monitor thread successfully connected to server with description ServerDescription{address=ac-of4xq51-shard-00-02.f7u3zwc.mongodb.net:27017, type=REPLICA_SET_PRIMARY, state=CONNECTED, ok=true, minWireVersion=0, maxWireVersion=13, maxDocumentSize=16777216, logicalSessionTimeoutMinutes=30, roundTripTimeNanos=572889300, setName='atlas-1hi3ey-shard-0', canonicalAddress=ac-of4xq51-shard-00-02.f7u3zwc.mongodb.net:27017, hosts=[ac-of4xq51-shard-00-01.f7u3zwc.mongodb.net:27017, ac-of4xq51-shard-00-02.f7u3zwc.mongodb.net:27017, ac-of4xq51-shard-00-00.f7u3zwc.mongodb.net:27017], passives=[], arbiters=[], primary='ac-of4xq51-shard-00-02.f7u3zwc.mongodb.net:27017', tagSet=TagSet{[Tag{name='nodeType', value='ELECTABLE'}, Tag{name='provider', value='AZURE'}, Tag{name='region', value='INDIA_CENTRAL'}, Tag{name='workloadType', value='OPERATIONAL'}]}, electionId=7fffffff0000000000000013, setVersion=1, topologyVersion=TopologyVersion{processId=63053518dcf1497daf920f55, counter=6}, lastWriteDate=Sat Aug 27 17:54:22 IST 2022, lastUpdateTimeNanos=98625895805600}
2022-08-27 17:54:23.204  INFO 5248 --- [cluster-rtt-ClusterId{value='630a0cf557fbce6ae894dcc1', description='null'}-ac-of4xq51-shard-00-02.f7u3zwc.mongodb.net:27017] org.mongodb.driver.connection            : Opened connection [connectionId{localValue:2, serverValue:84078}] to ac-of4xq51-shard-00-02.f7u3zwc.mongodb.net:27017
2022-08-27 17:54:23.202  INFO 5248 --- [cluster-rtt-ClusterId{value='630a0cf557fbce6ae894dcc1', description='null'}-ac-of4xq51-shard-00-00.f7u3zwc.mongodb.net:27017] org.mongodb.driver.connection            : Opened connection [connectionId{localValue:4, serverValue:82475}] to ac-of4xq51-shard-00-00.f7u3zwc.mongodb.net:27017
2022-08-27 17:54:23.205  INFO 5248 --- [cluster-ClusterId{value='630a0cf557fbce6ae894dcc1', description='null'}-ac-of4xq51-shard-00-01.f7u3zwc.mongodb.net:27017] org.mongodb.driver.cluster               : Monitor thread successfully connected to server with description ServerDescription{address=ac-of4xq51-shard-00-01.f7u3zwc.mongodb.net:27017, type=REPLICA_SET_SECONDARY, state=CONNECTED, ok=true, minWireVersion=0, maxWireVersion=13, maxDocumentSize=16777216, logicalSessionTimeoutMinutes=30, roundTripTimeNanos=572442100, setName='atlas-1hi3ey-shard-0', canonicalAddress=ac-of4xq51-shard-00-01.f7u3zwc.mongodb.net:27017, hosts=[ac-of4xq51-shard-00-01.f7u3zwc.mongodb.net:27017, ac-of4xq51-shard-00-02.f7u3zwc.mongodb.net:27017, ac-of4xq51-shard-00-00.f7u3zwc.mongodb.net:27017], passives=[], arbiters=[], primary='ac-of4xq51-shard-00-02.f7u3zwc.mongodb.net:27017', tagSet=TagSet{[Tag{name='nodeType', value='ELECTABLE'}, Tag{name='provider', value='AZURE'}, Tag{name='region', value='INDIA_CENTRAL'}, Tag{name='workloadType', value='OPERATIONAL'}]}, electionId=null, setVersion=1, topologyVersion=TopologyVersion{processId=6305356b98b27132ba0aa510, counter=3}, lastWriteDate=Sat Aug 27 17:54:22 IST 2022, lastUpdateTimeNanos=98625895805500}
2022-08-27 17:54:23.205  INFO 5248 --- [cluster-rtt-ClusterId{value='630a0cf557fbce6ae894dcc1', description='null'}-ac-of4xq51-shard-00-01.f7u3zwc.mongodb.net:27017] org.mongodb.driver.connection            : Opened connection [connectionId{localValue:5, serverValue:82167}] to ac-of4xq51-shard-00-01.f7u3zwc.mongodb.net:27017
2022-08-27 17:54:23.206  INFO 5248 --- [cluster-ClusterId{value='630a0cf557fbce6ae894dcc1', description='null'}-ac-of4xq51-shard-00-02.f7u3zwc.mongodb.net:27017] org.mongodb.driver.cluster               : Setting max election id to 7fffffff0000000000000013 from replica set primary ac-of4xq51-shard-00-02.f7u3zwc.mongodb.net:27017
2022-08-27 17:54:23.207  INFO 5248 --- [cluster-ClusterId{value='630a0cf557fbce6ae894dcc1', description='null'}-ac-of4xq51-shard-00-02.f7u3zwc.mongodb.net:27017] org.mongodb.driver.cluster               : Setting max set version to 1 from replica set primary ac-of4xq51-shard-00-02.f7u3zwc.mongodb.net:27017
2022-08-27 17:54:23.207  INFO 5248 --- [cluster-ClusterId{value='630a0cf557fbce6ae894dcc1', description='null'}-ac-of4xq51-shard-00-02.f7u3zwc.mongodb.net:27017] org.mongodb.driver.cluster               : Discovered replica set primary ac-of4xq51-shard-00-02.f7u3zwc.mongodb.net:27017
2022-08-27 17:54:23.236  INFO 5248 --- [cluster-ClusterId{value='630a0cf557fbce6ae894dcc1', description='null'}-ac-of4xq51-shard-00-00.f7u3zwc.mongodb.net:27017] org.mongodb.driver.connection            : Opened connection [connectionId{localValue:1, serverValue:82475}] to ac-of4xq51-shard-00-00.f7u3zwc.mongodb.net:27017
2022-08-27 17:54:23.238  INFO 5248 --- [cluster-ClusterId{value='630a0cf557fbce6ae894dcc1', description='null'}-ac-of4xq51-shard-00-00.f7u3zwc.mongodb.net:27017] org.mongodb.driver.cluster               : Monitor thread successfully connected to server with description ServerDescription{address=ac-of4xq51-shard-00-00.f7u3zwc.mongodb.net:27017, type=REPLICA_SET_SECONDARY, state=CONNECTED, ok=true, minWireVersion=0, maxWireVersion=13, maxDocumentSize=16777216, logicalSessionTimeoutMinutes=30, roundTripTimeNanos=594260300, setName='atlas-1hi3ey-shard-0', canonicalAddress=ac-of4xq51-shard-00-00.f7u3zwc.mongodb.net:27017, hosts=[ac-of4xq51-shard-00-01.f7u3zwc.mongodb.net:27017, ac-of4xq51-shard-00-02.f7u3zwc.mongodb.net:27017, ac-of4xq51-shard-00-00.f7u3zwc.mongodb.net:27017], passives=[], arbiters=[], primary='ac-of4xq51-shard-00-02.f7u3zwc.mongodb.net:27017', tagSet=TagSet{[Tag{name='nodeType', value='ELECTABLE'}, Tag{name='provider', value='AZURE'}, Tag{name='region', value='INDIA_CENTRAL'}, Tag{name='workloadType', value='OPERATIONAL'}]}, electionId=null, setVersion=1, topologyVersion=TopologyVersion{processId=630534c62dd05b6c42f7bdf5, counter=4}, lastWriteDate=Sat Aug 27 17:54:22 IST 2022, lastUpdateTimeNanos=98625932009100}
2022-08-27 17:54:23.830  INFO 5248 --- [main] o.s.b.a.e.web.EndpointLinksResolver      : Exposing 14 endpoint(s) beneath base path '/actuator'
2022-08-27 17:54:24.651  INFO 5248 --- [main] o.s.s.concurrent.ThreadPoolTaskExecutor  : Initializing ExecutorService 'applicationTaskExecutor'
2022-08-27 17:54:26.109  INFO 5248 --- [main] c.t.m.service.TweetServiceImplTest       : Started TweetServiceImplTest in 8.979 seconds (JVM running for 11.177)
2022-08-27 17:54:27.286  INFO 5248 --- [main] c.t.m.service.TweetServiceImpl           : Starting like tweet method
2022-08-27 17:54:27.293  INFO 5248 --- [main] c.t.m.service.TweetServiceImpl           : User is valid ayush@gmail.com
2022-08-27 17:54:27.294  INFO 5248 --- [main] c.t.m.service.TweetServiceImpl           : Tweet is valid 1
2022-08-27 17:54:27.313  INFO 5248 --- [main] c.t.m.service.TweetServiceImpl           : Ending like tweet method
2022-08-27 17:54:27.393  INFO 5248 --- [main] c.t.m.service.TweetServiceImpl           : Starting update tweet method
2022-08-27 17:54:27.396  INFO 5248 --- [main] c.t.m.service.TweetServiceImpl           : User is valid ayush@gmail.com
2022-08-27 17:54:27.397  INFO 5248 --- [main] c.t.m.service.TweetServiceImpl           : Tweet is valid 1
2022-08-27 17:54:27.398  INFO 5248 --- [main] c.t.m.service.TweetServiceImpl           : Ending update tweet method
2022-08-27 17:54:27.412  INFO 5248 --- [main] c.t.m.service.TweetServiceImpl           : Starting getAll tweet by user method
2022-08-27 17:54:27.413  INFO 5248 --- [main] c.t.m.service.TweetServiceImpl           : User is valid ayush@gmail.com
2022-08-27 17:54:27.413  INFO 5248 --- [main] c.t.m.service.TweetServiceImpl           : Ending getAll tweet by user method
2022-08-27 17:54:27.425  INFO 5248 --- [main] c.t.m.service.TweetServiceImpl           : Starting Delete tweet method
2022-08-27 17:54:27.425  INFO 5248 --- [main] c.t.m.service.TweetServiceImpl           : User is valid ayush@gmail.com
2022-08-27 17:54:27.427  INFO 5248 --- [main] c.t.m.service.TweetServiceImpl           : Tweet is valid 1
2022-08-27 17:54:27.431  INFO 5248 --- [main] c.t.m.service.TweetServiceImpl           : Ending Delete tweet method
2022-08-27 17:54:27.450  INFO 5248 --- [main] c.t.m.service.TweetServiceImpl           : Starting getAll tweet method
2022-08-27 17:54:27.450  INFO 5248 --- [main] c.t.m.service.TweetServiceImpl           : Ending getAll tweet method
2022-08-27 17:54:27.465  INFO 5248 --- [main] c.t.m.service.TweetServiceImpl           : Starting update tweet method
2022-08-27 17:54:27.466  INFO 5248 --- [main] c.t.m.service.TweetServiceImpl           : User is valid ayush@gmail.com
2022-08-27 17:54:27.466  INFO 5248 --- [main] c.t.m.service.TweetServiceImpl           : Tweet is valid 1
2022-08-27 17:54:27.467  INFO 5248 --- [main] c.t.m.service.TweetServiceImpl           : Ending reply method
2022-08-27 17:54:27.484  INFO 5248 --- [main] c.t.m.service.TweetServiceImpl           : Starting reply method
2022-08-27 17:54:27.485  INFO 5248 --- [main] c.t.m.service.TweetServiceImpl           : User is valid ayush@gmail.com
2022-08-27 17:54:27.485  INFO 5248 --- [main] c.t.m.service.TweetServiceImpl           : Tweet is valid 1
2022-08-27 17:54:27.487  INFO 5248 --- [main] c.t.m.service.TweetServiceImpl           : Ending reply method
2022-08-27 17:54:27.513  INFO 5248 --- [main] c.t.m.service.TweetServiceImpl           : Starting getAll tweet method
2022-08-27 17:54:27.515  INFO 5248 --- [main] c.t.m.service.TweetServiceImpl           : Ending getAll tweet method
2022-08-27 17:54:27.541  INFO 5248 --- [main] c.t.m.service.TweetServiceImpl           : Starting getAll tweet by user method
2022-08-27 17:54:27.542  INFO 5248 --- [main] c.t.m.service.TweetServiceImpl           : User is valid ayush@gmail.com
2022-08-27 17:54:27.542  INFO 5248 --- [main] c.t.m.service.TweetServiceImpl           : Ending getAll tweet by user method
2022-08-27 17:54:27.556  INFO 5248 --- [main] c.t.m.service.TweetServiceImpl           : Starting like tweet method
2022-08-27 17:54:27.557  INFO 5248 --- [main] c.t.m.service.TweetServiceImpl           : User is valid ayush@gmail.com
2022-08-27 17:54:27.559  INFO 5248 --- [main] c.t.m.service.TweetServiceImpl           : Tweet is valid 1
2022-08-27 17:54:27.560  INFO 5248 --- [main] c.t.m.service.TweetServiceImpl           : Ending like tweet method
2022-08-27 17:54:27.572  INFO 5248 --- [main] c.t.m.service.TweetServiceImpl           : Starting Delete tweet method
2022-08-27 17:54:27.573  INFO 5248 --- [main] c.t.m.service.TweetServiceImpl           : User is valid ayush@gmail.com
2022-08-27 17:54:27.575  INFO 5248 --- [main] c.t.m.service.TweetServiceImpl           : Tweet is invalid 1
2022-08-27 17:54:27.575  INFO 5248 --- [main] c.t.m.service.TweetServiceImpl           : Ending Delete tweet method
2022-08-27 17:54:27.588  INFO 5248 --- [main] c.t.m.service.TweetServiceImpl           : Starting reply method
2022-08-27 17:54:27.590  INFO 5248 --- [main] c.t.m.service.TweetServiceImpl           : User is invalid ayush@gmail.com
2022-08-27 17:54:27.590  INFO 5248 --- [main] c.t.m.service.TweetServiceImpl           : Ending reply method
2022-08-27 17:54:27.598  INFO 5248 --- [main] c.t.m.service.TweetServiceImpl           : Starting post tweet method
2022-08-27 17:54:27.599  INFO 5248 --- [main] c.t.m.service.TweetServiceImpl           : User is invalid ayush@gmail.com
2022-08-27 17:54:27.599  INFO 5248 --- [main] c.t.m.service.TweetServiceImpl           : Ending post tweet method
2022-08-27 17:54:27.621  INFO 5248 --- [main] c.t.m.service.TweetServiceImpl           : Starting post tweet method
2022-08-27 17:54:27.622  INFO 5248 --- [main] c.t.m.service.TweetServiceImpl           : User is valid ayush@gmail.com
2022-08-27 17:54:27.629  INFO 5248 --- [main] c.t.m.service.TweetServiceImpl           : Ending post tweet method
2022-08-27 17:54:27.659  INFO 5248 --- [main] .b.t.c.SpringBootTestContextBootstrapper : Neither @ContextConfiguration nor @ContextHierarchy found for test class [com.tweetapp.minitwitterbackend.service.UserServiceImplTest], using SpringBootContextLoader
2022-08-27 17:54:27.660  INFO 5248 --- [main] o.s.t.c.support.AbstractContextLoader    : Could not detect default resource locations for test class [com.tweetapp.minitwitterbackend.service.UserServiceImplTest]: no resource found for suffixes {-context.xml, Context.groovy}.
2022-08-27 17:54:27.661  INFO 5248 --- [main] t.c.s.AnnotationConfigContextLoaderUtils : Could not detect default configuration classes for test class [com.tweetapp.minitwitterbackend.service.UserServiceImplTest]: UserServiceImplTest does not declare any static, non-private, non-final, nested classes annotated with @Configuration.
2022-08-27 17:54:27.668  INFO 5248 --- [main] .b.t.c.SpringBootTestContextBootstrapper : Found @SpringBootConfiguration com.tweetapp.minitwitterbackend.MiniTwitterBackendApplication for test class com.tweetapp.minitwitterbackend.service.UserServiceImplTest
2022-08-27 17:54:27.681  INFO 5248 --- [main] .b.t.c.SpringBootTestContextBootstrapper : Loaded default TestExecutionListener class names from location [META-INF/spring.factories]: [org.springframework.boot.test.mock.mockito.MockitoTestExecutionListener, org.springframework.boot.test.mock.mockito.ResetMocksTestExecutionListener, org.springframework.boot.test.autoconfigure.restdocs.RestDocsTestExecutionListener, org.springframework.boot.test.autoconfigure.web.client.MockRestServiceServerResetTestExecutionListener, org.springframework.boot.test.autoconfigure.web.servlet.MockMvcPrintOnlyOnFailureTestExecutionListener, org.springframework.boot.test.autoconfigure.web.servlet.WebDriverTestExecutionListener, org.springframework.boot.test.autoconfigure.webservices.client.MockWebServiceServerTestExecutionListener, org.springframework.test.context.web.ServletTestExecutionListener, org.springframework.test.context.support.DirtiesContextBeforeModesTestExecutionListener, org.springframework.test.context.support.DependencyInjectionTestExecutionListener, org.springframework.test.context.support.DirtiesContextTestExecutionListener, org.springframework.test.context.transaction.TransactionalTestExecutionListener, org.springframework.test.context.jdbc.SqlScriptsTestExecutionListener, org.springframework.test.context.event.EventPublishingTestExecutionListener]
2022-08-27 17:54:27.683  INFO 5248 --- [main] .b.t.c.SpringBootTestContextBootstrapper : Using TestExecutionListeners: [org.springframework.test.context.web.ServletTestExecutionListener@3db3668, org.springframework.test.context.support.DirtiesContextBeforeModesTestExecutionListener@125c03d3, org.springframework.boot.test.mock.mockito.MockitoTestExecutionListener@7e9ea888, org.springframework.boot.test.autoconfigure.SpringBootDependencyInjectionTestExecutionListener@24f8707c, org.springframework.test.context.support.DirtiesContextTestExecutionListener@7e4a6afd, org.springframework.test.context.transaction.TransactionalTestExecutionListener@c7aac7c, org.springframework.test.context.jdbc.SqlScriptsTestExecutionListener@7ab8f93, org.springframework.test.context.event.EventPublishingTestExecutionListener@6037748a, org.springframework.boot.test.mock.mockito.ResetMocksTestExecutionListener@4d87e7f3, org.springframework.boot.test.autoconfigure.restdocs.RestDocsTestExecutionListener@14c7ab73, org.springframework.boot.test.autoconfigure.web.client.MockRestServiceServerResetTestExecutionListener@4fcb796f, org.springframework.boot.test.autoconfigure.web.servlet.MockMvcPrintOnlyOnFailureTestExecutionListener@1483c738, org.springframework.boot.test.autoconfigure.web.servlet.WebDriverTestExecutionListener@66c91224, org.springframework.boot.test.autoconfigure.webservices.client.MockWebServiceServerTestExecutionListener@4ffcb1bd]
2022-08-27 17:54:27.696  INFO 5248 --- [main] c.t.m.service.UserServiceImpl            : Starting login method for user ayush@gmail.com
2022-08-27 17:54:27.697  INFO 5248 --- [main] c.t.m.service.UserServiceImpl            : Ending login method
2022-08-27 17:54:27.720  INFO 5248 --- [main] c.t.m.service.UserServiceImpl            : Starting Register for new user : ayush@gmail.com
2022-08-27 17:54:27.721  INFO 5248 --- [main] c.t.m.service.UserServiceImpl            : Ending register Method
2022-08-27 17:54:27.730  INFO 5248 --- [main] c.t.m.service.UserServiceImpl            : Starting Register for new user : ayush@gmail.com
2022-08-27 17:54:27.730  INFO 5248 --- [main] c.t.m.service.UserServiceImpl            : Ending register Method
2022-08-27 17:54:27.752  INFO 5248 --- [main] c.t.m.service.UserServiceImpl            : Starting login method for user ayush@gmail.com
2022-08-27 17:54:27.753  INFO 5248 --- [main] c.t.m.service.UserServiceImpl            : Ending login method
2022-08-27 17:54:27.764  INFO 5248 --- [main] c.t.m.service.UserServiceImpl            : Starting getUser method for user : ayush@gmail.com
2022-08-27 17:54:27.765  INFO 5248 --- [main] c.t.m.service.UserServiceImpl            : Ending getUser method
2022-08-27 17:54:27.776  INFO 5248 --- [main] c.t.m.service.UserServiceImpl            : Starting Forgot Password method for user : ayush@gmail.com
2022-08-27 17:54:27.778  INFO 5248 --- [main] c.t.m.service.UserServiceImpl            : Ending forgot password method
2022-08-27 17:54:27.787  INFO 5248 --- [main] c.t.m.service.UserServiceImpl            : Starting getAllUser method
2022-08-27 17:54:27.787  INFO 5248 --- [main] c.t.m.service.UserServiceImpl            : Ending getAllUser Method
2022-08-27 17:54:27.798  INFO 5248 --- [main] c.t.m.service.UserServiceImpl            : Starting getAllUser method
2022-08-27 17:54:27.813  INFO 5248 --- [main] c.t.m.service.UserServiceImpl            : Starting Forgot Password method for user : ayush@gmail.com
2022-08-27 17:54:27.825  INFO 5248 --- [main] c.t.m.service.UserServiceImpl            : Starting getUser method for user : ayush@gmail.com
2022-08-27 17:54:27.826  INFO 5248 --- [main] c.t.m.service.UserServiceImpl            : Ending getUser method
2022-08-27 17:54:27.962  INFO 5248 --- [SpringContextShutdownHook] o.s.s.concurrent.ThreadPoolTaskExecutor  : Shutting down ExecutorService 'applicationTaskExecutor'
2022-08-27 17:55:50.190  INFO 9684 --- [main] c.t.m.MiniTwitterBackendApplication      : Starting MiniTwitterBackendApplication using Java 11.0.12 on ctsjava482 with PID 9684 (C:\Users\cogjava66\Desktop\mini-twitter-backend\target\classes started by cogjava66 in c:\Users\cogjava66\Desktop\mini-twitter-backend)
2022-08-27 17:55:50.195  INFO 9684 --- [main] c.t.m.MiniTwitterBackendApplication      : No active profile set, falling back to default profiles: default
2022-08-27 17:55:51.588  INFO 9684 --- [main] .s.d.r.c.RepositoryConfigurationDelegate : Bootstrapping Spring Data MongoDB repositories in DEFAULT mode.
2022-08-27 17:55:51.683  INFO 9684 --- [main] .s.d.r.c.RepositoryConfigurationDelegate : Finished Spring Data repository scanning in 89 ms. Found 2 MongoDB repository interfaces.
2022-08-27 17:55:52.943  INFO 9684 --- [main] o.s.b.w.embedded.tomcat.TomcatWebServer  : Tomcat initialized with port(s): 8085 (http)
2022-08-27 17:55:52.958  INFO 9684 --- [main] o.apache.catalina.core.StandardService   : Starting service [Tomcat]
2022-08-27 17:55:52.958  INFO 9684 --- [main] org.apache.catalina.core.StandardEngine  : Starting Servlet engine: [Apache Tomcat/9.0.39]
2022-08-27 17:55:53.089  INFO 9684 --- [main] o.a.c.c.C.[Tomcat].[localhost].[/]       : Initializing Spring embedded WebApplicationContext
2022-08-27 17:55:53.090  INFO 9684 --- [main] w.s.c.ServletWebServerApplicationContext : Root WebApplicationContext: initialization completed in 2827 ms
2022-08-27 17:55:53.629  INFO 9684 --- [main] org.mongodb.driver.cluster               : Cluster created with settings {hosts=[127.0.0.1:27017], srvHost=cluster0.f7u3zwc.mongodb.net, mode=MULTIPLE, requiredClusterType=REPLICA_SET, serverSelectionTimeout='30000 ms', requiredReplicaSetName='atlas-1hi3ey-shard-0'}
2022-08-27 17:55:54.103  INFO 9684 --- [cluster-ClusterId{value='630a0d5176a3475094a1b979', description='null'}-srv-cluster0.f7u3zwc.mongodb.net] org.mongodb.driver.cluster               : Adding discovered server ac-of4xq51-shard-00-00.f7u3zwc.mongodb.net:27017 to client view of cluster
2022-08-27 17:55:54.139  INFO 9684 --- [cluster-ClusterId{value='630a0d5176a3475094a1b979', description='null'}-srv-cluster0.f7u3zwc.mongodb.net] org.mongodb.driver.cluster               : Adding discovered server ac-of4xq51-shard-00-02.f7u3zwc.mongodb.net:27017 to client view of cluster
2022-08-27 17:55:54.159  INFO 9684 --- [cluster-ClusterId{value='630a0d5176a3475094a1b979', description='null'}-srv-cluster0.f7u3zwc.mongodb.net] org.mongodb.driver.cluster               : Adding discovered server ac-of4xq51-shard-00-01.f7u3zwc.mongodb.net:27017 to client view of cluster
2022-08-27 17:55:54.976  INFO 9684 --- [main] o.s.b.a.e.web.EndpointLinksResolver      : Exposing 15 endpoint(s) beneath base path '/actuator'
2022-08-27 17:55:55.024  INFO 9684 --- [cluster-ClusterId{value='630a0d5176a3475094a1b979', description='null'}-ac-of4xq51-shard-00-01.f7u3zwc.mongodb.net:27017] org.mongodb.driver.connection            : Opened connection [connectionId{localValue:3, serverValue:82188}] to ac-of4xq51-shard-00-01.f7u3zwc.mongodb.net:27017
2022-08-27 17:55:55.024  INFO 9684 --- [cluster-ClusterId{value='630a0d5176a3475094a1b979', description='null'}-ac-of4xq51-shard-00-01.f7u3zwc.mongodb.net:27017] org.mongodb.driver.cluster               : Monitor thread successfully connected to server with description ServerDescription{address=ac-of4xq51-shard-00-01.f7u3zwc.mongodb.net:27017, type=REPLICA_SET_SECONDARY, state=CONNECTED, ok=true, minWireVersion=0, maxWireVersion=13, maxDocumentSize=16777216, logicalSessionTimeoutMinutes=30, roundTripTimeNanos=574236900, setName='atlas-1hi3ey-shard-0', canonicalAddress=ac-of4xq51-shard-00-01.f7u3zwc.mongodb.net:27017, hosts=[ac-of4xq51-shard-00-01.f7u3zwc.mongodb.net:27017, ac-of4xq51-shard-00-02.f7u3zwc.mongodb.net:27017, ac-of4xq51-shard-00-00.f7u3zwc.mongodb.net:27017], passives=[], arbiters=[], primary='ac-of4xq51-shard-00-02.f7u3zwc.mongodb.net:27017', tagSet=TagSet{[Tag{name='nodeType', value='ELECTABLE'}, Tag{name='provider', value='AZURE'}, Tag{name='region', value='INDIA_CENTRAL'}, Tag{name='workloadType', value='OPERATIONAL'}]}, electionId=null, setVersion=1, topologyVersion=TopologyVersion{processId=6305356b98b27132ba0aa510, counter=3}, lastWriteDate=Sat Aug 27 17:55:54 IST 2022, lastUpdateTimeNanos=98717716703600}
2022-08-27 17:55:55.027  INFO 9684 --- [cluster-ClusterId{value='630a0d5176a3475094a1b979', description='null'}-ac-of4xq51-shard-00-02.f7u3zwc.mongodb.net:27017] org.mongodb.driver.connection            : Opened connection [connectionId{localValue:6, serverValue:84077}] to ac-of4xq51-shard-00-02.f7u3zwc.mongodb.net:27017
2022-08-27 17:55:55.028  INFO 9684 --- [cluster-ClusterId{value='630a0d5176a3475094a1b979', description='null'}-ac-of4xq51-shard-00-02.f7u3zwc.mongodb.net:27017] org.mongodb.driver.cluster               : Monitor thread successfully connected to server with description ServerDescription{address=ac-of4xq51-shard-00-02.f7u3zwc.mongodb.net:27017, type=REPLICA_SET_PRIMARY, state=CONNECTED, ok=true, minWireVersion=0, maxWireVersion=13, maxDocumentSize=16777216, logicalSessionTimeoutMinutes=30, roundTripTimeNanos=579686700, setName='atlas-1hi3ey-shard-0', canonicalAddress=ac-of4xq51-shard-00-02.f7u3zwc.mongodb.net:27017, hosts=[ac-of4xq51-shard-00-01.f7u3zwc.mongodb.net:27017, ac-of4xq51-shard-00-02.f7u3zwc.mongodb.net:27017, ac-of4xq51-shard-00-00.f7u3zwc.mongodb.net:27017], passives=[], arbiters=[], primary='ac-of4xq51-shard-00-02.f7u3zwc.mongodb.net:27017', tagSet=TagSet{[Tag{name='nodeType', value='ELECTABLE'}, Tag{name='provider', value='AZURE'}, Tag{name='region', value='INDIA_CENTRAL'}, Tag{name='workloadType', value='OPERATIONAL'}]}, electionId=7fffffff0000000000000013, setVersion=1, topologyVersion=TopologyVersion{processId=63053518dcf1497daf920f55, counter=6}, lastWriteDate=Sat Aug 27 17:55:54 IST 2022, lastUpdateTimeNanos=98717721913300}
2022-08-27 17:55:55.028  INFO 9684 --- [cluster-ClusterId{value='630a0d5176a3475094a1b979', description='null'}-ac-of4xq51-shard-00-02.f7u3zwc.mongodb.net:27017] org.mongodb.driver.cluster               : Setting max election id to 7fffffff0000000000000013 from replica set primary ac-of4xq51-shard-00-02.f7u3zwc.mongodb.net:27017
2022-08-27 17:55:55.028  INFO 9684 --- [cluster-ClusterId{value='630a0d5176a3475094a1b979', description='null'}-ac-of4xq51-shard-00-02.f7u3zwc.mongodb.net:27017] org.mongodb.driver.cluster               : Setting max set version to 1 from replica set primary ac-of4xq51-shard-00-02.f7u3zwc.mongodb.net:27017
2022-08-27 17:55:55.028  INFO 9684 --- [cluster-ClusterId{value='630a0d5176a3475094a1b979', description='null'}-ac-of4xq51-shard-00-02.f7u3zwc.mongodb.net:27017] org.mongodb.driver.cluster               : Discovered replica set primary ac-of4xq51-shard-00-02.f7u3zwc.mongodb.net:27017
2022-08-27 17:55:55.032  INFO 9684 --- [cluster-ClusterId{value='630a0d5176a3475094a1b979', description='null'}-ac-of4xq51-shard-00-00.f7u3zwc.mongodb.net:27017] org.mongodb.driver.connection            : Opened connection [connectionId{localValue:1, serverValue:82496}] to ac-of4xq51-shard-00-00.f7u3zwc.mongodb.net:27017
2022-08-27 17:55:55.033  INFO 9684 --- [cluster-ClusterId{value='630a0d5176a3475094a1b979', description='null'}-ac-of4xq51-shard-00-00.f7u3zwc.mongodb.net:27017] org.mongodb.driver.cluster               : Monitor thread successfully connected to server with description ServerDescription{address=ac-of4xq51-shard-00-00.f7u3zwc.mongodb.net:27017, type=REPLICA_SET_SECONDARY, state=CONNECTED, ok=true, minWireVersion=0, maxWireVersion=13, maxDocumentSize=16777216, logicalSessionTimeoutMinutes=30, roundTripTimeNanos=585170200, setName='atlas-1hi3ey-shard-0', canonicalAddress=ac-of4xq51-shard-00-00.f7u3zwc.mongodb.net:27017, hosts=[ac-of4xq51-shard-00-01.f7u3zwc.mongodb.net:27017, ac-of4xq51-shard-00-02.f7u3zwc.mongodb.net:27017, ac-of4xq51-shard-00-00.f7u3zwc.mongodb.net:27017], passives=[], arbiters=[], primary='ac-of4xq51-shard-00-02.f7u3zwc.mongodb.net:27017', tagSet=TagSet{[Tag{name='nodeType', value='ELECTABLE'}, Tag{name='provider', value='AZURE'}, Tag{name='region', value='INDIA_CENTRAL'}, Tag{name='workloadType', value='OPERATIONAL'}]}, electionId=null, setVersion=1, topologyVersion=TopologyVersion{processId=630534c62dd05b6c42f7bdf5, counter=4}, lastWriteDate=Sat Aug 27 17:55:54 IST 2022, lastUpdateTimeNanos=98717726572200}
2022-08-27 17:55:55.035  INFO 9684 --- [cluster-rtt-ClusterId{value='630a0d5176a3475094a1b979', description='null'}-ac-of4xq51-shard-00-02.f7u3zwc.mongodb.net:27017] org.mongodb.driver.connection            : Opened connection [connectionId{localValue:4, serverValue:84132}] to ac-of4xq51-shard-00-02.f7u3zwc.mongodb.net:27017
2022-08-27 17:55:55.041  INFO 9684 --- [cluster-rtt-ClusterId{value='630a0d5176a3475094a1b979', description='null'}-ac-of4xq51-shard-00-00.f7u3zwc.mongodb.net:27017] org.mongodb.driver.connection            : Opened connection [connectionId{localValue:2, serverValue:82496}] to ac-of4xq51-shard-00-00.f7u3zwc.mongodb.net:27017
2022-08-27 17:55:55.058  INFO 9684 --- [cluster-rtt-ClusterId{value='630a0d5176a3475094a1b979', description='null'}-ac-of4xq51-shard-00-01.f7u3zwc.mongodb.net:27017] org.mongodb.driver.connection            : Opened connection [connectionId{localValue:5, serverValue:82188}] to ac-of4xq51-shard-00-01.f7u3zwc.mongodb.net:27017
2022-08-27 17:55:55.228  INFO 9684 --- [main] o.s.s.concurrent.ThreadPoolTaskExecutor  : Initializing ExecutorService 'applicationTaskExecutor'
2022-08-27 17:55:55.689  INFO 9684 --- [main] o.s.b.w.embedded.tomcat.TomcatWebServer  : Tomcat started on port(s): 8085 (http) with context path ''
2022-08-27 17:55:56.264  INFO 9684 --- [main] c.t.m.MiniTwitterBackendApplication      : Started MiniTwitterBackendApplication in 6.665 seconds (JVM running for 7.676)
2022-08-27 17:58:15.300  INFO 9684 --- [http-nio-8085-exec-2] o.a.c.c.C.[Tomcat].[localhost].[/]       : Initializing Spring DispatcherServlet 'dispatcherServlet'
2022-08-27 17:58:15.301  INFO 9684 --- [http-nio-8085-exec-2] o.s.web.servlet.DispatcherServlet        : Initializing Servlet 'dispatcherServlet'
2022-08-27 17:58:15.306  INFO 9684 --- [http-nio-8085-exec-2] o.s.web.servlet.DispatcherServlet        : Completed initialization in 5 ms
2022-08-27 17:58:15.381  INFO 9684 --- [http-nio-8085-exec-2] c.t.m.service.UserServiceImpl            : Starting login method for user ayush.singh@gmail.com
2022-08-27 17:58:16.053  INFO 9684 --- [http-nio-8085-exec-2] org.mongodb.driver.connection            : Opened connection [connectionId{localValue:7, serverValue:84149}] to ac-of4xq51-shard-00-02.f7u3zwc.mongodb.net:27017
2022-08-27 17:58:16.170  INFO 9684 --- [http-nio-8085-exec-2] c.t.m.service.UserServiceImpl            : Ending login method
2022-08-27 17:58:16.235  INFO 9684 --- [http-nio-8085-exec-1] c.t.m.service.TweetServiceImpl           : Starting getAll tweet by user method
2022-08-27 17:58:16.354  INFO 9684 --- [http-nio-8085-exec-1] c.t.m.service.TweetServiceImpl           : User is valid ayush.singh@gmail.com
2022-08-27 17:58:16.463  INFO 9684 --- [http-nio-8085-exec-1] c.t.m.service.TweetServiceImpl           : Ending getAll tweet by user method
2022-08-27 17:59:29.020  INFO 9684 --- [http-nio-8085-exec-5] c.t.m.service.TweetServiceImpl           : Starting getAll tweet method
2022-08-27 17:59:29.117  INFO 9684 --- [http-nio-8085-exec-5] c.t.m.service.TweetServiceImpl           : Ending getAll tweet method
